0 verbose cli C:\Program Files\nodejs\node.exe C:\Users\Lenovo\AppData\Roaming\npm\node_modules\npm\bin\npm-cli.js
1 info using npm@12.0.1
2 info using node@v24.18.0
3 silly config load:file:C:\Users\Lenovo\AppData\Roaming\npm\node_modules\npm\npmrc
4 silly config load:file:C:\Users\Lenovo\OneDrive\Desktop\GMEA\.npmrc
5 silly config load:file:C:\Users\Lenovo\.npmrc
6 silly config load:file:C:\Users\Lenovo\AppData\Roaming\npm\etc\npmrc
7 verbose title npm run build
8 verbose argv "run" "build"
9 verbose logfile logs-max:10 dir:C:\Users\Lenovo\OneDrive\Desktop\New folder\.npm-cache\_logs\2026-07-23T05_17_34_162Z-
10 verbose logfile C:\Users\Lenovo\OneDrive\Desktop\New folder\.npm-cache\_logs\2026-07-23T05_17_34_162Z-debug-0.log
11 silly logfile done cleaning log files
12 notice run new-folder@0.0.0 build
13 notice run vite build
14 verbose cwd C:\Users\Lenovo\OneDrive\Desktop\GMEA
15 verbose os Windows_NT 10.0.26200
16 verbose node v24.18.0
17 verbose npm  v12.0.1
18 verbose exit 0
19 info ok
